Warning[205] C:\USERS\USUARIO\DESKTOP\IF4000_PROYECTO_ENSAMBLADOR\PROYECTO_ENSAMBLADOR.ASM 1 : Found directive in column 1. (list)
Warning[205] C:\USERS\USUARIO\DESKTOP\IF4000_PROYECTO_ENSAMBLADOR\PROYECTO_ENSAMBLADOR.ASM 2 : Found directive in column 1. (include)
Message[301] C:\PROGRAM FILES (X86)\MICROCHIP\MPASM SUITE\P16F84.INC 33 : MESSAGE: (Processor-header file mismatch.  Verify selected processor.)
Warning[205] C:\USERS\USUARIO\DESKTOP\IF4000_PROYECTO_ENSAMBLADOR\PROYECTO_ENSAMBLADOR.ASM 4 : Found directive in column 1. (__CONFIG)
Warning[205] C:\USERS\USUARIO\DESKTOP\IF4000_PROYECTO_ENSAMBLADOR\PROYECTO_ENSAMBLADOR.ASM 47 : Found directive in column 1. (org)
Message[305] C:\USERS\USUARIO\DESKTOP\IF4000_PROYECTO_ENSAMBLADOR\PROYECTO_ENSAMBLADOR.ASM 99 : Using default destination of 1 (file).
Message[305] C:\USERS\USUARIO\DESKTOP\IF4000_PROYECTO_ENSAMBLADOR\PROYECTO_ENSAMBLADOR.ASM 101 : Using default destination of 1 (file).
Message[305] C:\USERS\USUARIO\DESKTOP\IF4000_PROYECTO_ENSAMBLADOR\PROYECTO_ENSAMBLADOR.ASM 165 : Using default destination of 1 (file).
Message[305] C:\USERS\USUARIO\DESKTOP\IF4000_PROYECTO_ENSAMBLADOR\PROYECTO_ENSAMBLADOR.ASM 168 : Using default destination of 1 (file).
Message[305] C:\USERS\USUARIO\DESKTOP\IF4000_PROYECTO_ENSAMBLADOR\PROYECTO_ENSAMBLADOR.ASM 183 : Using default destination of 1 (file).
Message[305] C:\USERS\USUARIO\DESKTOP\IF4000_PROYECTO_ENSAMBLADOR\PROYECTO_ENSAMBLADOR.ASM 186 : Using default destination of 1 (file).
Message[305] C:\USERS\USUARIO\DESKTOP\IF4000_PROYECTO_ENSAMBLADOR\PROYECTO_ENSAMBLADOR.ASM 201 : Using default destination of 1 (file).
Message[305] C:\USERS\USUARIO\DESKTOP\IF4000_PROYECTO_ENSAMBLADOR\PROYECTO_ENSAMBLADOR.ASM 204 : Using default destination of 1 (file).
Message[305] C:\USERS\USUARIO\DESKTOP\IF4000_PROYECTO_ENSAMBLADOR\PROYECTO_ENSAMBLADOR.ASM 219 : Using default destination of 1 (file).
Message[305] C:\USERS\USUARIO\DESKTOP\IF4000_PROYECTO_ENSAMBLADOR\PROYECTO_ENSAMBLADOR.ASM 222 : Using default destination of 1 (file).
Message[305] C:\USERS\USUARIO\DESKTOP\IF4000_PROYECTO_ENSAMBLADOR\PROYECTO_ENSAMBLADOR.ASM 237 : Using default destination of 1 (file).
Message[305] C:\USERS\USUARIO\DESKTOP\IF4000_PROYECTO_ENSAMBLADOR\PROYECTO_ENSAMBLADOR.ASM 240 : Using default destination of 1 (file).
Message[305] C:\USERS\USUARIO\DESKTOP\IF4000_PROYECTO_ENSAMBLADOR\PROYECTO_ENSAMBLADOR.ASM 313 : Using default destination of 1 (file).
Message[305] C:\USERS\USUARIO\DESKTOP\IF4000_PROYECTO_ENSAMBLADOR\PROYECTO_ENSAMBLADOR.ASM 322 : Using default destination of 1 (file).
Warning[205] C:\USERS\USUARIO\DESKTOP\IF4000_PROYECTO_ENSAMBLADOR\PROYECTO_ENSAMBLADOR.ASM 363 : Found directive in column 1. (End)
